<?xml version="1.0" encoding="utf-8" standalone="no"?>
<test-run id="2" testcasecount="16" result="Passed" total="16" passed="16" failed="0" inconclusive="0" skipped="0" asserts="43" engine-version="3.9.0.0" clr-version="4.0.30319.42000" start-time="2018-11-19 10:56:14Z" end-time="2018-11-19 10:56:25Z" duration="11.616729">
  <command-line><![CDATA[..\..\..\packages\NUnit.ConsoleRunner.3.9.0\tools\nunit3-console.exe  TaskManager.Test.dll]]></command-line>
  <test-suite type="Assembly" id="0-1017" name="TaskManager.Test.dll" fullname="C:\Gokul\FSD-Main\ProjectManagerService\TaskManager.Test\bin\Debug\TaskManager.Test.dll" runstate="Runnable" testcasecount="16" result="Passed" start-time="2018-11-19 10:56:18Z" end-time="2018-11-19 10:56:25Z" duration="7.636490" total="16" passed="16" failed="0" warnings="0" inconclusive="0" skipped="0" asserts="43">
    <environment framework-version="3.10.1.0" clr-version="4.0.30319.42000" os-version="Microsoft Windows NT 10.0.17134.0" platform="Win32NT" cwd="C:\Gokul\FSD-Main\ProjectManagerService\TaskManager.Test\bin\Debug" machine-name="DOTNET" user="Admin" user-domain="DOTNET" culture="en-IN" uiculture="en-US" os-architecture="x64" />
    <settings>
      <setting name="DisposeRunners" value="True" />
      <setting name="WorkDirectory" value="C:\Gokul\FSD-Main\ProjectManagerService\TaskManager.Test\bin\Debug" />
      <setting name="ImageRuntimeVersion" value="4.0.30319" />
      <setting name="ImageTargetFrameworkName" value=".NETFramework,Version=v4.5.2" />
      <setting name="ImageRequiresX86" value="False" />
      <setting name="ImageRequiresDefaultAppDomainAssemblyResolver" value="False" />
      <setting name="NumberOfTestWorkers" value="3" />
    </settings>
    <properties>
      <property name="_PID" value="13600" />
      <property name="_APPDOMAIN" value="domain-" />
    </properties>
    <test-suite type="TestSuite" id="0-1018" name="ProjectManager" fullname="ProjectManager" runstate="Runnable" testcasecount="16" result="Passed" start-time="2018-11-19 10:56:18Z" end-time="2018-11-19 10:56:25Z" duration="7.618040" total="16" passed="16" failed="0" warnings="0" inconclusive="0" skipped="0" asserts="43">
      <test-suite type="TestSuite" id="0-1019" name="Test" fullname="ProjectManager.Test" runstate="Runnable" testcasecount="16" result="Passed" start-time="2018-11-19 10:56:18Z" end-time="2018-11-19 10:56:25Z" duration="7.617171" total="16" passed="16" failed="0" warnings="0" inconclusive="0" skipped="0" asserts="43">
        <test-suite type="TestFixture" id="0-1000" name="ProjectManagerTest" fullname="ProjectManager.Test.ProjectManagerTest" classname="ProjectManager.Test.ProjectManagerTest" runstate="Runnable" testcasecount="16" result="Passed" start-time="2018-11-19 10:56:18Z" end-time="2018-11-19 10:56:25Z" duration="7.613093" total="16" passed="16" failed="0" warnings="0" inconclusive="0" skipped="0" asserts="43">
          <test-case id="0-1001" name="AddTask" fullname="ProjectManager.Test.ProjectManagerTest.AddTask" methodname="AddTask" classname="ProjectManager.Test.ProjectManagerTest" runstate="Runnable" seed="1286405946" result="Passed" start-time="2018-11-19 10:56:18Z" end-time="2018-11-19 10:56:25Z" duration="7.061778" asserts="1">
            <properties>
              <property name="Order" value="1" />
            </properties>
          </test-case>
          <test-case id="0-1002" name="GetAllTasks" fullname="ProjectManager.Test.ProjectManagerTest.GetAllTasks" methodname="GetAllTasks" classname="ProjectManager.Test.ProjectManagerTest" runstate="Runnable" seed="2124283034" result="Passed" start-time="2018-11-19 10:56:25Z" end-time="2018-11-19 10:56:25Z" duration="0.182591" asserts="6">
            <properties>
              <property name="Order" value="2" />
            </properties>
          </test-case>
          <test-case id="0-1003" name="UpdateTask" fullname="ProjectManager.Test.ProjectManagerTest.UpdateTask" methodname="UpdateTask" classname="ProjectManager.Test.ProjectManagerTest" runstate="Runnable" seed="1569823072" result="Passed" start-time="2018-11-19 10:56:25Z" end-time="2018-11-19 10:56:25Z" duration="0.052752" asserts="1">
            <properties>
              <property name="Order" value="3" />
            </properties>
          </test-case>
          <test-case id="0-1005" name="AddProject" fullname="ProjectManager.Test.ProjectManagerTest.AddProject" methodname="AddProject" classname="ProjectManager.Test.ProjectManagerTest" runstate="Runnable" seed="49016591" result="Passed" start-time="2018-11-19 10:56:25Z" end-time="2018-11-19 10:56:25Z" duration="0.017264" asserts="1">
            <properties>
              <property name="Order" value="4" />
            </properties>
          </test-case>
          <test-case id="0-1006" name="GetAllProjects" fullname="ProjectManager.Test.ProjectManagerTest.GetAllProjects" methodname="GetAllProjects" classname="ProjectManager.Test.ProjectManagerTest" runstate="Runnable" seed="511866604" result="Passed" start-time="2018-11-19 10:56:25Z" end-time="2018-11-19 10:56:25Z" duration="0.020493" asserts="5">
            <properties>
              <property name="Order" value="5" />
            </properties>
          </test-case>
          <test-case id="0-1008" name="GetProject" fullname="ProjectManager.Test.ProjectManagerTest.GetProject" methodname="GetProject" classname="ProjectManager.Test.ProjectManagerTest" runstate="Runnable" seed="1641170729" result="Passed" start-time="2018-11-19 10:56:25Z" end-time="2018-11-19 10:56:25Z" duration="0.021358" asserts="5">
            <properties>
              <property name="Order" value="6" />
            </properties>
          </test-case>
          <test-case id="0-1007" name="EditProject" fullname="ProjectManager.Test.ProjectManagerTest.EditProject" methodname="EditProject" classname="ProjectManager.Test.ProjectManagerTest" runstate="Runnable" seed="1987529728" result="Passed" start-time="2018-11-19 10:56:25Z" end-time="2018-11-19 10:56:25Z" duration="0.018860" asserts="1">
            <properties>
              <property name="Order" value="7" />
            </properties>
          </test-case>
          <test-case id="0-1010" name="AddUser" fullname="ProjectManager.Test.ProjectManagerTest.AddUser" methodname="AddUser" classname="ProjectManager.Test.ProjectManagerTest" runstate="Runnable" seed="1243963894" result="Passed" start-time="2018-11-19 10:56:25Z" end-time="2018-11-19 10:56:25Z" duration="0.059166" asserts="1">
            <properties>
              <property name="Order" value="8" />
            </properties>
          </test-case>
          <test-case id="0-1011" name="GetAllUsers" fullname="ProjectManager.Test.ProjectManagerTest.GetAllUsers" methodname="GetAllUsers" classname="ProjectManager.Test.ProjectManagerTest" runstate="Runnable" seed="1789538734" result="Passed" start-time="2018-11-19 10:56:25Z" end-time="2018-11-19 10:56:25Z" duration="0.028155" asserts="7">
            <properties>
              <property name="Order" value="9" />
            </properties>
          </test-case>
          <test-case id="0-1012" name="GetUser" fullname="ProjectManager.Test.ProjectManagerTest.GetUser" methodname="GetUser" classname="ProjectManager.Test.ProjectManagerTest" runstate="Runnable" seed="1604974607" result="Passed" start-time="2018-11-19 10:56:25Z" end-time="2018-11-19 10:56:25Z" duration="0.058168" asserts="7">
            <properties>
              <property name="Order" value="10" />
            </properties>
          </test-case>
          <test-case id="0-1013" name="EditUser" fullname="ProjectManager.Test.ProjectManagerTest.EditUser" methodname="EditUser" classname="ProjectManager.Test.ProjectManagerTest" runstate="Runnable" seed="1665609985" result="Passed" start-time="2018-11-19 10:56:25Z" end-time="2018-11-19 10:56:25Z" duration="0.011978" asserts="1">
            <properties>
              <property name="Order" value="11" />
            </properties>
          </test-case>
          <test-case id="0-1015" name="GetParentTask" fullname="ProjectManager.Test.ProjectManagerTest.GetParentTask" methodname="GetParentTask" classname="ProjectManager.Test.ProjectManagerTest" runstate="Runnable" seed="1186185080" result="Passed" start-time="2018-11-19 10:56:25Z" end-time="2018-11-19 10:56:25Z" duration="0.012779" asserts="3">
            <properties>
              <property name="Order" value="12" />
            </properties>
          </test-case>
          <test-case id="0-1004" name="DeleteTask" fullname="ProjectManager.Test.ProjectManagerTest.DeleteTask" methodname="DeleteTask" classname="ProjectManager.Test.ProjectManagerTest" runstate="Runnable" seed="638046302" result="Passed" start-time="2018-11-19 10:56:25Z" end-time="2018-11-19 10:56:25Z" duration="0.007484" asserts="1">
            <properties>
              <property name="Order" value="13" />
            </properties>
          </test-case>
          <test-case id="0-1009" name="DeleteProject" fullname="ProjectManager.Test.ProjectManagerTest.DeleteProject" methodname="DeleteProject" classname="ProjectManager.Test.ProjectManagerTest" runstate="Runnable" seed="303711479" result="Passed" start-time="2018-11-19 10:56:25Z" end-time="2018-11-19 10:56:25Z" duration="0.017841" asserts="1">
            <properties>
              <property name="Order" value="14" />
            </properties>
          </test-case>
          <test-case id="0-1014" name="DeleteUser" fullname="ProjectManager.Test.ProjectManagerTest.DeleteUser" methodname="DeleteUser" classname="ProjectManager.Test.ProjectManagerTest" runstate="Runnable" seed="1208193914" result="Passed" start-time="2018-11-19 10:56:25Z" end-time="2018-11-19 10:56:25Z" duration="0.007343" asserts="1">
            <properties>
              <property name="Order" value="15" />
            </properties>
          </test-case>
          <test-case id="0-1016" name="AddParent" fullname="ProjectManager.Test.ProjectManagerTest.AddParent" methodname="AddParent" classname="ProjectManager.Test.ProjectManagerTest" runstate="Runnable" seed="746141031" result="Passed" start-time="2018-11-19 10:56:25Z" end-time="2018-11-19 10:56:25Z" duration="0.004499" asserts="1">
            <properties>
              <property name="Order" value="16" />
            </properties>
          </test-case>
        </test-suite>
      </test-suite>
    </test-suite>
  </test-suite>
</test-run>